<?xml version="1.0" encoding="UTF-8"?>
<!-- Generated by org.testng.reporters.JUnitXMLReporter -->
<testsuite ignored="0" hostname="LAPTOP-RTQO86AS" failures="0" tests="1" name="Test-edge" time="34.221" errors="0" timestamp="2024-06-18T14:21:12 IST">
  <testcase classname="com.dws.crossbrowser.CrossBrowser" name="launch" time="34.117"/>
</testsuite> <!-- Test-edge -->
