<?xml version="1.0" encoding="UTF-8"?>
<!-- Generated by org.testng.reporters.JUnitXMLReporter -->
<testsuite ignored="0" hostname="LAPTOP-RTQO86AS" failures="0" tests="1" name="Test-firefox" time="41.861" errors="0" timestamp="2024-06-18T14:21:20 IST">
  <testcase classname="com.dws.crossbrowser.CrossBrowser" name="launch" time="41.748"/>
</testsuite> <!-- Test-firefox -->
