<?xml version="1.0" encoding="UTF-8"?>
<!-- Generated by org.testng.reporters.JUnitXMLReporter -->
<testsuite ignored="0" hostname="LAPTOP-RTQO86AS" failures="0" tests="1" name="Test-chrome" time="27.955" errors="0" timestamp="2024-06-18T14:21:06 IST">
  <testcase classname="com.dws.crossbrowser.CrossBrowser" name="launch" time="27.805"/>
</testsuite> <!-- Test-chrome -->
