<?xml version="1.0" encoding="UTF-8"?>
<!-- Generated by org.testng.reporters.JUnitReportReporter -->
<testsuite hostname="LAPTOP-RTQO86AS" failures="0" tests="1" name="com.dws.crossbrowser.CrossBrowser" time="17.639" errors="0" timestamp="2024-06-18T14:34:06 IST" skipped="0">
  <testcase classname="com.dws.crossbrowser.CrossBrowser" name="launch" time="17.639"/>
  <system-out/>
</testsuite> <!-- com.dws.crossbrowser.CrossBrowser -->
